<?xml version="1.0" encoding="UTF-8"?>
<!-- Generated by org.testng.reporters.JUnitReportReporter -->
<testsuite hostname="DESKTOP-O7P3JCP" failures="0" tests="9" name="runner.SubscriptionsPageRunner" time="183.507" errors="0" timestamp="08 Apr 2023 21:16:35 GMT" skipped="0">
  <testcase classname="runner.SubscriptionsPageRunner" name="runScenario" time="18.137"/>
  <testcase classname="runner.SubscriptionsPageRunner" name="runScenario" time="19.499"/>
  <testcase classname="runner.SubscriptionsPageRunner" name="runScenario" time="20.873"/>
  <testcase classname="runner.SubscriptionsPageRunner" name="runScenario" time="19.007"/>
  <testcase classname="runner.SubscriptionsPageRunner" name="runScenario" time="26.025"/>
  <testcase classname="runner.SubscriptionsPageRunner" name="runScenario" time="19.221"/>
  <testcase classname="runner.SubscriptionsPageRunner" name="runScenario" time="20.893"/>
  <testcase classname="runner.SubscriptionsPageRunner" name="runScenario" time="21.450"/>
  <testcase classname="runner.SubscriptionsPageRunner" name="runScenario" time="18.402"/>
</testsuite> <!-- runner.SubscriptionsPageRunner -->
