<?xml version="1.0" encoding="UTF-8"?>
<!-- Generated by org.testng.reporters.JUnitReportReporter -->
<testsuite hostname="DESKTOP-O7P3JCP" failures="0" tests="9" name="runner.SubscriptionsPageRunner" time="175.600" errors="0" timestamp="08 Apr 2023 21:08:19 GMT" skipped="0">
  <testcase classname="runner.SubscriptionsPageRunner" name="runScenario" time="19.614"/>
  <testcase classname="runner.SubscriptionsPageRunner" name="runScenario" time="12.636"/>
  <testcase classname="runner.SubscriptionsPageRunner" name="runScenario" time="22.144"/>
  <testcase classname="runner.SubscriptionsPageRunner" name="runScenario" time="19.761"/>
  <testcase classname="runner.SubscriptionsPageRunner" name="runScenario" time="20.327"/>
  <testcase classname="runner.SubscriptionsPageRunner" name="runScenario" time="20.330"/>
  <testcase classname="runner.SubscriptionsPageRunner" name="runScenario" time="20.099"/>
  <testcase classname="runner.SubscriptionsPageRunner" name="runScenario" time="19.189"/>
  <testcase classname="runner.SubscriptionsPageRunner" name="runScenario" time="21.500"/>
</testsuite> <!-- runner.SubscriptionsPageRunner -->
